<?xml version="1.0" encoding="UTF-8"?>
<testng-results ignored="0" total="1" passed="1" failed="0" skipped="0">
  <reporter-output>
  </reporter-output>
  <suite started-at="2022-05-20T15:08:35 EDT" name="Suite" finished-at="2022-05-20T15:08:48 EDT" duration-ms="13579">
    <groups>
    </groups>
    <test started-at="2022-05-20T15:08:35 EDT" name="Test" finished-at="2022-05-20T15:08:48 EDT" duration-ms="13579">
      <class name="com.seleniumFramework.testCases.LoginTestCrm">
        <test-method is-config="true" signature="setUpSuite()[pri:0, instance:com.seleniumFramework.testCases.LoginTestCrm@346d61be]" started-at="2022-05-20T15:08:34 EDT" name="setUpSuite" finished-at="2022-05-20T15:08:35 EDT" duration-ms="1242" status="PASS">
          <reporter-output>
          </reporter-output>
        </test-method> <!-- setUpSuite -->
        <test-method is-config="true" signature="setUp()[pri:0, instance:com.seleniumFramework.testCases.LoginTestCrm@346d61be]" started-at="2022-05-20T15:08:35 EDT" name="setUp" finished-at="2022-05-20T15:08:44 EDT" duration-ms="9175" status="PASS">
          <reporter-output>
          </reporter-output>
        </test-method> <!-- setUp -->
        <test-method signature="loginApp()[pri:0, instance:com.seleniumFramework.testCases.LoginTestCrm@346d61be]" started-at="2022-05-20T15:08:44 EDT" name="loginApp" finished-at="2022-05-20T15:08:48 EDT" duration-ms="3526" status="PASS">
          <reporter-output>
          </reporter-output>
        </test-method> <!-- loginApp -->
        <test-method is-config="true" signature="tierDown()[pri:0, instance:com.seleniumFramework.testCases.LoginTestCrm@346d61be]" started-at="2022-05-20T15:08:48 EDT" name="tierDown" finished-at="2022-05-20T15:08:48 EDT" duration-ms="799" status="PASS">
          <reporter-output>
          </reporter-output>
        </test-method> <!-- tierDown -->
      </class> <!-- com.seleniumFramework.testCases.LoginTestCrm -->
    </test> <!-- Test -->
  </suite> <!-- Suite -->
</testng-results>
